<?xml version="1.0" encoding="UTF-8" standalone="yes"?>
<DeliveryNonDeliveryToRecipient xmlns="http://uri.etsi.org/02640/v2#" version="1">
</DeliveryNonDeliveryToRecipient>
